# JRE version: OpenJDK Runtime Environment Microsoft-11369865 (17.0.15+6) (build 17.0.15+6-LTS)
# Java VM: OpenJDK 64-Bit Server VM Microsoft-11369865 (17.0.15+6-LTS, mixed mode, sharing, tiered, compressed oops, compressed class ptrs, g1 gc, windows-amd64)
GC Precious Log:
 CPUs: 4 total, 4 available
 Memory: 3835M
 Large Page Support: Disabled
 NUMA Support: Disabled
 Compressed Oops: Enabled (32-bit)
 Heap Region Size: 1M
 Heap Min Capacity: 8M
 Heap Initial Capacity: 60M
 Heap Max Capacity: 960M
 Pre-touch: Disabled
 Parallel Workers: 4
 Concurrent Workers: 1
 Concurrent Refinement Workers: 4
 Periodic GC: Disabled
Heap:
 garbage-first heap   total 129024K, used 78284K [0x00000000c4000000, 0x0000000100000000)
  region size 1024K, 39 young (39936K), 7 survivors (7168K)
 Metaspace       used 86499K, committed 87168K, reserved 1179648K
  class space    used 11674K, committed 11968K, reserved 1048576K
GC Heap History (20 events):
Event: 21.683 GC heap before
{Heap before GC invocations=23 (full 0):
 garbage-first heap   total 63488K, used 49902K [0x00000000c4000000, 0x0000000100000000)
  region size 1024K, 18 young (18432K), 2 survivors (2048K)
 Metaspace       used 66512K, committed 67008K, reserved 1114112K
  class space    used 8974K, committed 9216K, reserved 1048576K
}
Event: 21.686 GC heap after
{Heap after GC invocations=24 (full 0):
 garbage-first heap   total 63488K, used 33701K [0x00000000c4000000, 0x0000000100000000)
  region size 1024K, 2 young (2048K), 2 survivors (2048K)
 Metaspace       used 66512K, committed 67008K, reserved 1114112K
  class space    used 8974K, committed 9216K, reserved 1048576K
}
Event: 22.828 GC heap before
{Heap before GC invocations=24 (full 0):
 garbage-first heap   total 63488K, used 52133K [0x00000000c4000000, 0x0000000100000000)
  region size 1024K, 20 young (20480K), 2 survivors (2048K)
 Metaspace       used 69889K, committed 70528K, reserved 1114112K
  class space    used 9422K, committed 9728K, reserved 1048576K
}
Event: 22.835 GC heap after
{Heap after GC invocations=25 (full 0):
 garbage-first heap   total 63488K, used 35240K [0x00000000c4000000, 0x0000000100000000)
  region size 1024K, 3 young (3072K), 3 survivors (3072K)
 Metaspace       used 69889K, committed 70528K, reserved 1114112K
  class space    used 9422K, committed 9728K, reserved 1048576K
}
Event: 23.525 GC heap before
{Heap before GC invocations=26 (full 0):
 garbage-first heap   total 68608K, used 51624K [0x00000000c4000000, 0x0000000100000000)
  region size 1024K, 19 young (19456K), 3 survivors (3072K)
 Metaspace       used 72028K, committed 72640K, reserved 1114112K
  class space    used 9711K, committed 9984K, reserved 1048576K
}
Event: 23.532 GC heap after
{Heap after GC invocations=27 (full 0):
 garbage-first heap   total 68608K, used 36543K [0x00000000c4000000, 0x0000000100000000)
  region size 1024K, 2 young (2048K), 2 survivors (2048K)
 Metaspace       used 72028K, committed 72640K, reserved 1114112K
  class space    used 9711K, committed 9984K, reserved 1048576K
}
Event: 24.430 GC heap before
{Heap before GC invocations=27 (full 0):
 garbage-first heap   total 68608K, used 55999K [0x00000000c4000000, 0x0000000100000000)
  region size 1024K, 21 young (21504K), 2 survivors (2048K)
 Metaspace       used 73702K, committed 74304K, reserved 1114112K
  class space    used 9940K, committed 10176K, reserved 1048576K
}
Event: 24.436 GC heap after
{Heap after GC invocations=28 (full 0):
 garbage-first heap   total 68608K, used 37723K [0x00000000c4000000, 0x0000000100000000)
  region size 1024K, 3 young (3072K), 3 survivors (3072K)
 Metaspace       used 73702K, committed 74304K, reserved 1114112K
  class space    used 9940K, committed 10176K, reserved 1048576K
}
Event: 25.017 GC heap before
{Heap before GC invocations=29 (full 0):
 garbage-first heap   total 70656K, used 56155K [0x00000000c4000000, 0x0000000100000000)
  region size 1024K, 21 young (21504K), 3 survivors (3072K)
 Metaspace       used 74354K, committed 75072K, reserved 1114112K
  class space    used 10014K, committed 10368K, reserved 1048576K
}
Event: 25.029 GC heap after
{Heap after GC invocations=30 (full 0):
 garbage-first heap   total 70656K, used 38808K [0x00000000c4000000, 0x0000000100000000)
  region size 1024K, 3 young (3072K), 3 survivors (3072K)
 Metaspace       used 74354K, committed 75072K, reserved 1114112K
  class space    used 10014K, committed 10368K, reserved 1048576K
}
Event: 25.047 GC heap before
{Heap before GC invocations=30 (full 0):
 garbage-first heap   total 70656K, used 39832K [0x00000000c4000000, 0x0000000100000000)
  region size 1024K, 4 young (4096K), 3 survivors (3072K)
 Metaspace       used 74385K, committed 75072K, reserved 1114112K
  class space    used 10016K, committed 10368K, reserved 1048576K
}
Event: 25.052 GC heap after
{Heap after GC invocations=31 (full 0):
 garbage-first heap   total 70656K, used 38628K [0x00000000c4000000, 0x0000000100000000)
  region size 1024K, 1 young (1024K), 1 survivors (1024K)
 Metaspace       used 74385K, committed 75072K, reserved 1114112K
  class space    used 10016K, committed 10368K, reserved 1048576K
}
Event: 25.580 GC heap before
{Heap before GC invocations=31 (full 0):
 garbage-first heap   total 70656K, used 58084K [0x00000000c4000000, 0x0000000100000000)
  region size 1024K, 20 young (20480K), 1 survivors (1024K)
 Metaspace       used 75106K, committed 75776K, reserved 1114112K
  class space    used 10114K, committed 10432K, reserved 1048576K
}
Event: 25.584 GC heap after
{Heap after GC invocations=32 (full 0):
 garbage-first heap   total 70656K, used 39835K [0x00000000c4000000, 0x0000000100000000)
  region size 1024K, 2 young (2048K), 2 survivors (2048K)
 Metaspace       used 75106K, committed 75776K, reserved 1114112K
  class space    used 10114K, committed 10432K, reserved 1048576K
}
Event: 26.268 GC heap before
{Heap before GC invocations=33 (full 0):
 garbage-first heap   total 75776K, used 58267K [0x00000000c4000000, 0x0000000100000000)
  region size 1024K, 20 young (20480K), 2 survivors (2048K)
 Metaspace       used 76477K, committed 77056K, reserved 1179648K
  class space    used 10266K, committed 10560K, reserved 1048576K
}
Event: 26.276 GC heap after
{Heap after GC invocations=34 (full 0):
 garbage-first heap   total 75776K, used 40631K [0x00000000c4000000, 0x0000000100000000)
  region size 1024K, 3 young (3072K), 3 survivors (3072K)
 Metaspace       used 76477K, committed 77056K, reserved 1179648K
  class space    used 10266K, committed 10560K, reserved 1048576K
}
Event: 27.334 GC heap before
{Heap before GC invocations=34 (full 0):
 garbage-first heap   total 75776K, used 62135K [0x00000000c4000000, 0x0000000100000000)
  region size 1024K, 24 young (24576K), 3 survivors (3072K)
 Metaspace       used 77948K, committed 78656K, reserved 1179648K
  class space    used 10465K, committed 10816K, reserved 1048576K
}
Event: 27.341 GC heap after
{Heap after GC invocations=35 (full 0):
 garbage-first heap   total 129024K, used 42254K [0x00000000c4000000, 0x0000000100000000)
  region size 1024K, 3 young (3072K), 3 survivors (3072K)
 Metaspace       used 77948K, committed 78656K, reserved 1179648K
  class space    used 10465K, committed 10816K, reserved 1048576K
}
Event: 29.883 GC heap before
{Heap before GC invocations=36 (full 0):
 garbage-first heap   total 129024K, used 104718K [0x00000000c4000000, 0x0000000100000000)
  region size 1024K, 64 young (65536K), 3 survivors (3072K)
 Metaspace       used 80950K, committed 81600K, reserved 1179648K
  class space    used 10916K, committed 11200K, reserved 1048576K
}
Event: 29.899 GC heap after
{Heap after GC invocations=37 (full 0):
 garbage-first heap   total 129024K, used 46540K [0x00000000c4000000, 0x0000000100000000)
  region size 1024K, 7 young (7168K), 7 survivors (7168K)
 Metaspace       used 80950K, committed 81600K, reserved 1179648K
  class space    used 10916K, committed 11200K, reserved 1048576K
}

