# JRE version: OpenJDK Runtime Environment Microsoft-11369865 (17.0.15+6) (build 17.0.15+6-LTS)
# Java VM: OpenJDK 64-Bit Server VM Microsoft-11369865 (17.0.15+6-LTS, mixed mode, sharing, tiered, compressed oops, compressed class ptrs, g1 gc, windows-amd64)
GC Precious Log:
 CPUs: 4 total, 4 available
 Memory: 3835M
 Large Page Support: Disabled
 NUMA Support: Disabled
 Compressed Oops: Enabled (32-bit)
 Heap Region Size: 1M
 Heap Min Capacity: 8M
 Heap Initial Capacity: 60M
 Heap Max Capacity: 960M
 Pre-touch: Disabled
 Parallel Workers: 4
 Concurrent Workers: 1
 Concurrent Refinement Workers: 4
 Periodic GC: Disabled
Heap:
 garbage-first heap   total 92160K, used 71994K [0x00000000c4000000, 0x0000000100000000)
  region size 1024K, 29 young (29696K), 4 survivors (4096K)
 Metaspace       used 86782K, committed 87424K, reserved 1179648K
  class space    used 11672K, committed 11968K, reserved 1048576K
GC Heap History (20 events):
Event: 18.557 GC heap before
{Heap before GC invocations=24 (full 0):
 garbage-first heap   total 61440K, used 49827K [0x00000000c4000000, 0x0000000100000000)
  region size 1024K, 19 young (19456K), 2 survivors (2048K)
 Metaspace       used 69496K, committed 70080K, reserved 1114112K
  class space    used 9387K, committed 9664K, reserved 1048576K
}
Event: 18.562 GC heap after
{Heap after GC invocations=25 (full 0):
 garbage-first heap   total 61440K, used 34476K [0x00000000c4000000, 0x0000000100000000)
  region size 1024K, 3 young (3072K), 3 survivors (3072K)
 Metaspace       used 69496K, committed 70080K, reserved 1114112K
  class space    used 9387K, committed 9664K, reserved 1048576K
}
Event: 18.895 GC heap before
{Heap before GC invocations=26 (full 0):
 garbage-first heap   total 65536K, used 48812K [0x00000000c4000000, 0x0000000100000000)
  region size 1024K, 18 young (18432K), 3 survivors (3072K)
 Metaspace       used 71147K, committed 71808K, reserved 1114112K
  class space    used 9543K, committed 9856K, reserved 1048576K
}
Event: 18.900 GC heap after
{Heap after GC invocations=27 (full 0):
 garbage-first heap   total 65536K, used 35856K [0x00000000c4000000, 0x0000000100000000)
  region size 1024K, 3 young (3072K), 3 survivors (3072K)
 Metaspace       used 71147K, committed 71808K, reserved 1114112K
  class space    used 9543K, committed 9856K, reserved 1048576K
}
Event: 19.326 GC heap before
{Heap before GC invocations=27 (full 0):
 garbage-first heap   total 65536K, used 52240K [0x00000000c4000000, 0x0000000100000000)
  region size 1024K, 20 young (20480K), 3 survivors (3072K)
 Metaspace       used 73420K, committed 73984K, reserved 1114112K
  class space    used 9899K, committed 10176K, reserved 1048576K
}
Event: 19.331 GC heap after
{Heap after GC invocations=28 (full 0):
 garbage-first heap   total 65536K, used 37193K [0x00000000c4000000, 0x0000000100000000)
  region size 1024K, 3 young (3072K), 3 survivors (3072K)
 Metaspace       used 73420K, committed 73984K, reserved 1114112K
  class space    used 9899K, committed 10176K, reserved 1048576K
}
Event: 19.754 GC heap before
{Heap before GC invocations=29 (full 0):
 garbage-first heap   total 68608K, used 53577K [0x00000000c4000000, 0x0000000100000000)
  region size 1024K, 19 young (19456K), 3 survivors (3072K)
 Metaspace       used 74086K, committed 74752K, reserved 1114112K
  class space    used 9990K, committed 10304K, reserved 1048576K
}
Event: 19.759 GC heap after
{Heap after GC invocations=30 (full 0):
 garbage-first heap   total 68608K, used 38259K [0x00000000c4000000, 0x0000000100000000)
  region size 1024K, 3 young (3072K), 3 survivors (3072K)
 Metaspace       used 74086K, committed 74752K, reserved 1114112K
  class space    used 9990K, committed 10304K, reserved 1048576K
}
Event: 20.030 GC heap before
{Heap before GC invocations=30 (full 0):
 garbage-first heap   total 68608K, used 56691K [0x00000000c4000000, 0x0000000100000000)
  region size 1024K, 21 young (21504K), 3 survivors (3072K)
 Metaspace       used 74588K, committed 75264K, reserved 1114112K
  class space    used 10040K, committed 10368K, reserved 1048576K
}
Event: 20.035 GC heap after
{Heap after GC invocations=31 (full 0):
 garbage-first heap   total 68608K, used 39386K [0x00000000c4000000, 0x0000000100000000)
  region size 1024K, 3 young (3072K), 3 survivors (3072K)
 Metaspace       used 74588K, committed 75264K, reserved 1114112K
  class space    used 10040K, committed 10368K, reserved 1048576K
}
Event: 20.302 GC heap before
{Heap before GC invocations=32 (full 0):
 garbage-first heap   total 76800K, used 55770K [0x00000000c4000000, 0x0000000100000000)
  region size 1024K, 19 young (19456K), 3 survivors (3072K)
 Metaspace       used 75206K, committed 75840K, reserved 1114112K
  class space    used 10108K, committed 10432K, reserved 1048576K
}
Event: 20.308 GC heap after
{Heap after GC invocations=33 (full 0):
 garbage-first heap   total 76800K, used 40613K [0x00000000c4000000, 0x0000000100000000)
  region size 1024K, 3 young (3072K), 3 survivors (3072K)
 Metaspace       used 75206K, committed 75840K, reserved 1114112K
  class space    used 10108K, committed 10432K, reserved 1048576K
}
Event: 20.721 GC heap before
{Heap before GC invocations=33 (full 0):
 garbage-first heap   total 76800K, used 62117K [0x00000000c4000000, 0x0000000100000000)
  region size 1024K, 24 young (24576K), 3 survivors (3072K)
 Metaspace       used 77024K, committed 77632K, reserved 1179648K
  class space    used 10352K, committed 10624K, reserved 1048576K
}
Event: 20.727 GC heap after
{Heap after GC invocations=34 (full 0):
 garbage-first heap   total 92160K, used 42057K [0x00000000c4000000, 0x0000000100000000)
  region size 1024K, 3 young (3072K), 3 survivors (3072K)
 Metaspace       used 77024K, committed 77632K, reserved 1179648K
  class space    used 10352K, committed 10624K, reserved 1048576K
}
Event: 21.434 GC heap before
{Heap before GC invocations=35 (full 0):
 garbage-first heap   total 92160K, used 74825K [0x00000000c4000000, 0x0000000100000000)
  region size 1024K, 35 young (35840K), 3 survivors (3072K)
 Metaspace       used 78706K, committed 79360K, reserved 1179648K
  class space    used 10605K, committed 10880K, reserved 1048576K
}
Event: 21.441 GC heap after
{Heap after GC invocations=36 (full 0):
 garbage-first heap   total 92160K, used 43884K [0x00000000c4000000, 0x0000000100000000)
  region size 1024K, 5 young (5120K), 5 survivors (5120K)
 Metaspace       used 78706K, committed 79360K, reserved 1179648K
  class space    used 10605K, committed 10880K, reserved 1048576K
}
Event: 22.046 GC heap before
{Heap before GC invocations=36 (full 0):
 garbage-first heap   total 92160K, used 74604K [0x00000000c4000000, 0x0000000100000000)
  region size 1024K, 35 young (35840K), 5 survivors (5120K)
 Metaspace       used 80446K, committed 81088K, reserved 1179648K
  class space    used 10827K, committed 11136K, reserved 1048576K
}
Event: 22.054 GC heap after
{Heap after GC invocations=37 (full 0):
 garbage-first heap   total 92160K, used 46201K [0x00000000c4000000, 0x0000000100000000)
  region size 1024K, 5 young (5120K), 5 survivors (5120K)
 Metaspace       used 80446K, committed 81088K, reserved 1179648K
  class space    used 10827K, committed 11136K, reserved 1048576K
}
Event: 33.824 GC heap before
{Heap before GC invocations=37 (full 0):
 garbage-first heap   total 92160K, used 75897K [0x00000000c4000000, 0x0000000100000000)
  region size 1024K, 34 young (34816K), 5 survivors (5120K)
 Metaspace       used 84070K, committed 84672K, reserved 1179648K
  class space    used 11315K, committed 11584K, reserved 1048576K
}
Event: 33.833 GC heap after
{Heap after GC invocations=38 (full 0):
 garbage-first heap   total 92160K, used 47418K [0x00000000c4000000, 0x0000000100000000)
  region size 1024K, 4 young (4096K), 4 survivors (4096K)
 Metaspace       used 84070K, committed 84672K, reserved 1179648K
  class space    used 11315K, committed 11584K, reserved 1048576K
}

